<?xml version="1.0" encoding="UTF-8"?>
<!-- Generated by org.testng.reporters.JUnitXMLReporter -->
<testsuite ignored="0" hostname="TuTo" failures="1" tests="1" name="ViewHistory" time="6.245" errors="0" timestamp="20 Sep 2018 04:11:05 GMT">
  <testcase classname="com.qa.testcases.TestHistoryViewProduct" name="historyViewProduct" time="0.009">
    <failure type="java.lang.NullPointerException">
      <![CDATA[java.lang.NullPointerException
at com.qa.pageobject.HomePage.<init>(HomePage.java:34)
at com.qa.testcases.TestHistoryViewProduct.historyViewProduct(TestHistoryViewProduct.java:17)
... Removed 25 stack frames]]>
    </failure>
  </testcase> <!-- historyViewProduct -->
</testsuite> <!-- ViewHistory -->
