<?xml version="1.0" encoding="UTF-8"?>
<testng-results ignored="0" total="1" passed="1" failed="0" skipped="0">
  <reporter-output>
  </reporter-output>
  <suite started-at="2018-09-20T08:24:50Z" name="TestNG Session Test Automation Suite" finished-at="2018-09-20T08:24:58Z" duration-ms="8307">
    <groups>
    </groups>
    <test started-at="2018-09-20T08:24:50Z" name="ViewHistory" finished-at="2018-09-20T08:24:58Z" duration-ms="8307">
      <class name="com.qa.testcases.TestHistoryViewProduct">
        <test-method is-config="true" signature="init()[pri:0, instance:com.qa.testcases.TestHistoryViewProduct@f78a47e]" started-at="2018-09-20T08:24:50Z" name="init" finished-at="2018-09-20T08:24:55Z" duration-ms="5074" status="PASS">
          <reporter-output>
          </reporter-output>
        </test-method> <!-- init -->
        <test-method signature="historyViewProduct()[pri:0, instance:com.qa.testcases.TestHistoryViewProduct@f78a47e]" started-at="2018-09-20T08:24:55Z" name="historyViewProduct" finished-at="2018-09-20T08:24:58Z" duration-ms="2498" status="PASS">
          <reporter-output>
          </reporter-output>
        </test-method> <!-- historyViewProduct -->
        <test-method is-config="true" signature="tearDown()[pri:0, instance:com.qa.testcases.TestHistoryViewProduct@f78a47e]" started-at="2018-09-20T08:24:58Z" name="tearDown" finished-at="2018-09-20T08:24:58Z" duration-ms="735" status="PASS">
          <reporter-output>
          </reporter-output>
        </test-method> <!-- tearDown -->
      </class> <!-- com.qa.testcases.TestHistoryViewProduct -->
    </test> <!-- ViewHistory -->
  </suite> <!-- TestNG Session Test Automation Suite -->
</testng-results>
